No configuration for route "/donuts/:donutId" found. Skipping
Received Kill command
Received Kill command
Received Kill command
Received Kill command

----------------------------------
Using stored unhandled routes!.
   To discover new routes in the angular app use "npm run scully -- --scanRoutes"
----------------------------------No configuration for route "/donuts/:donutId" found. Skipping


----------------------------------
Using stored unhandled routes!.
   To discover new routes in the angular app use "npm run scully -- --scanRoutes"
----------------------------------
Route "/donuts/original-filled-chocolate-kreme™" not provided by angular appRoute "/donuts/original-filled-original-kreme™" not provided by angular app


----------------------------------
Using stored unhandled routes!.
   To discover new routes in the angular app use "npm run scully -- --scanRoutes"
----------------------------------
Route "/donuts/original-filled-original-kreme™" not provided by angular app
Route "/donuts/original-filled-chocolate-kreme™" not provided by angular app

----------------------------------
Using stored unhandled routes!.
   To discover new routes in the angular app use "npm run scully -- --scanRoutes"
----------------------------------

----------------------------------
Using stored unhandled routes!.
   To discover new routes in the angular app use "npm run scully -- --scanRoutes"
----------------------------------

----------------------------------
Using stored unhandled routes!.
   To discover new routes in the angular app use "npm run scully -- --scanRoutes"
----------------------------------
Route "/donuts/original-filled-chocolate-kreme™" not provided by angular appRoute "/donuts/original-filled-original-kreme™" not provided by angular app


----------------------------------
Using stored unhandled routes!.
   To discover new routes in the angular app use "npm run scully -- --scanRoutes"
----------------------------------
Route "/donuts/original-filled-original-kreme™" not provided by angular appRoute "/donuts/original-filled-chocolate-kreme™" not provided by angular app


----------------------------------
Using stored unhandled routes!.
   To discover new routes in the angular app use "npm run scully -- --scanRoutes"
----------------------------------
Route "/donuts/original-filled-chocolate-kreme™" not provided by angular appRoute "/donuts/original-filled-original-kreme™" not provided by angular app

****************************************************************************************
This is a development tool for Scully applications.
You can ignore the warning (TLS) or run scully with --no-warning
****************************************************************************************
----------------------------------
Using stored unhandled routes!.
   To discover new routes in the angular app use "npm run scully -- --scanRoutes"
----------------------------------
Route "/donuts/original-filled-chocolate-kreme™" not provided by angular app
Route "/donuts/original-filled-original-kreme™" not provided by angular app
Route "/donuts/original-filled-original-kreme™" not provided by angular app
Route "/donuts/original-filled-chocolate-kreme™" not provided by angular app
Route "/donuts/original-filled-chocolate-kreme™" not provided by angular app
Route "/donuts/original-filled-original-kreme™" not provided by angular app
****************************************************************************************
This is a development tool for Scully applications.
You can ignore the warning (TLS) or run scully with --no-warning
****************************************************************************************
----------------------------------
Using stored unhandled routes!.
   To discover new routes in the angular app use "npm run scully -- --scanRoutes"
----------------------------------
****************************************************************************************
This is a development tool for Scully applications.
You can ignore the warning (TLS) or run scully with --no-warning
****************************************************************************************
----------------------------------
Using stored unhandled routes!.
   To discover new routes in the angular app use "npm run scully -- --scanRoutes"
----------------------------------
Route "/donuts/original-filled-original-kreme™" not provided by angular app
Route "/donuts/original-filled-chocolate-kreme™" not provided by angular app
Route "/donuts/original-filled-chocolate-kreme™" not provided by angular app
Route "/donuts/original-filled-original-kreme™" not provided by angular app
Route "/donuts/original-filled-original-kreme™" not provided by angular app
Route "/donuts/original-filled-chocolate-kreme™" not provided by angular app
Route "/donuts/original-filled-original-kreme™" not provided by angular app
Route "/donuts/original-filled-chocolate-kreme™" not provided by angular app
Route "/donuts/original-filled-chocolate-kreme™" not provided by angular app
Route "/donuts/original-filled-original-kreme™" not provided by angular app
Route "/donuts/original-filled-chocolate-kreme™" not provided by angular app
Route "/donuts/original-filled-original-kreme™" not provided by angular app
Route "/donuts/original-filled-original-kreme™" not provided by angular app
Route "/donuts/original-filled-chocolate-kreme™" not provided by angular app
Route "/donuts/original-filled-original-kreme™" not provided by angular app
Route "/donuts/original-filled-chocolate-kreme™" not provided by angular app
Route "/donuts/original-filled-chocolate-kreme™" not provided by angular app
Route "/donuts/original-filled-original-kreme™" not provided by angular app
Route "/donuts/original-filled-chocolate-kreme™" not provided by angular app
Route "/donuts/original-filled-original-kreme™" not provided by angular app
****************************************************************************************
This is a development tool for Scully applications.
You can ignore the warning (TLS) or run scully with --no-warning
****************************************************************************************
----------------------------------
Using stored unhandled routes!.
   To discover new routes in the angular app use "npm run scully -- --scanRoutes"
----------------------------------
Route "/donuts/original-filled-chocolate-kreme™" not provided by angular app
Route "/donuts/original-filled-original-kreme™" not provided by angular app
****************************************************************************************
This is a development tool for Scully applications.
You can ignore the warning (TLS) or run scully with --no-warning
****************************************************************************************Route "/donuts/original-filled-original-kreme™" not provided by angular app
Route "/donuts/original-filled-chocolate-kreme™" not provided by angular app
Route "/donuts/original-filled-chocolate-kreme™" not provided by angular app
Route "/donuts/original-filled-original-kreme™" not provided by angular app
Route "/donuts/original-filled-original-kreme™" not provided by angular app
Route "/donuts/original-filled-chocolate-kreme™" not provided by angular app
Route "/donuts/original-filled-chocolate-kreme™" not provided by angular app
Route "/donuts/original-filled-original-kreme™" not provided by angular app
Route "/donuts/original-filled-original-kreme™" not provided by angular app
Route "/donuts/original-filled-chocolate-kreme™" not provided by angular app
Route "/donuts/original-filled-chocolate-kreme™" not provided by angular app
Route "/donuts/original-filled-original-kreme™" not provided by angular app
Route "/donuts/original-filled-original-kreme™" not provided by angular app
Route "/donuts/original-filled-chocolate-kreme™" not provided by angular app
Route "/donuts/original-filled-chocolate-kreme™" not provided by angular app
Route "/donuts/original-filled-original-kreme™" not provided by angular app
Route "/donuts/original-filled-chocolate-kreme™" not provided by angular app
Route "/donuts/original-filled-original-kreme™" not provided by angular app
Route "/donuts/original-filled-original-kreme™" not provided by angular app
Route "/donuts/original-filled-chocolate-kreme™" not provided by angular app
Route "/donuts/original-filled-original-kreme™" not provided by angular app
Route "/donuts/original-filled-chocolate-kreme™" not provided by angular app
Route "/donuts/original-filled-original-kreme™" not provided by angular app
Route "/donuts/original-filled-chocolate-kreme™" not provided by angular app
****************************************************************************************
This is a development tool for Scully applications.
You can ignore the warning (TLS) or run scully with --no-warning
****************************************************************************************Route "/donuts/original-filled-chocolate-kreme™" not provided by angular app
Route "/donuts/original-filled-original-kreme™" not provided by angular app
Route "/donuts/original-filled-chocolate-kreme™" not provided by angular app
Route "/donuts/original-filled-original-kreme™" not provided by angular app
Route "/donuts/original-filled-original-kreme™" not provided by angular app
Route "/donuts/original-filled-chocolate-kreme™" not provided by angular app
****************************************************************************************
This is a development tool for Scully applications.
You can ignore the warning (TLS) or run scully with --no-warning
****************************************************************************************
----------------------------------
Using stored unhandled routes!.
   To discover new routes in the angular app use "npm run scully -- --scanRoutes"
----------------------------------

----------------------------------
Using stored unhandled routes!.
   To discover new routes in the angular app use "npm run scully -- --scanRoutes"
----------------------------------
